<?xml version="1.0" encoding="UTF-8"?>
<testng-results skipped="0" failed="0" ignored="0" total="4" passed="4">
  <reporter-output>
  </reporter-output>
  <suite name="Default suite" duration-ms="5409" started-at="2018-11-03T16:12:14Z" finished-at="2018-11-03T16:12:20Z">
    <groups>
    </groups>
    <test name="Default test" duration-ms="5409" started-at="2018-11-03T16:12:14Z" finished-at="2018-11-03T16:12:20Z">
      <class name="com.webservice.testscripts.LmfTC001">
        <test-method status="PASS" signature="beforeMethod(java.lang.reflect.Method)[pri:0, instance:com.webservice.testscripts.LmfTC001@8bd1b6a]" name="beforeMethod" is-config="true" duration-ms="0" started-at="2018-11-03T16:12:14Z" finished-at="2018-11-03T16:12:14Z">
          <params>
            <param index="0">
              <value>
                <![CDATA[public void com.webservice.testscripts.LmfTC001.verifyWeatherByCityId()]]>
              </value>
            </param>
          </params>
          <reporter-output>
          </reporter-output>
        </test-method> <!-- beforeMethod -->
        <test-method status="PASS" signature="verifyWeatherByCityId()[pri:0, instance:com.webservice.testscripts.LmfTC001@8bd1b6a]" name="verifyWeatherByCityId" duration-ms="2303" started-at="2018-11-03T16:12:14Z" finished-at="2018-11-03T16:12:17Z">
          <reporter-output>
          </reporter-output>
        </test-method> <!-- verifyWeatherByCityId -->
        <test-method status="PASS" signature="verifyWeatherByCityName()[pri:0, instance:com.webservice.testscripts.LmfTC001@8bd1b6a]" name="verifyWeatherByCityName" duration-ms="897" started-at="2018-11-03T16:12:17Z" finished-at="2018-11-03T16:12:17Z">
          <reporter-output>
          </reporter-output>
        </test-method> <!-- verifyWeatherByCityName -->
        <test-method status="PASS" signature="afterMethod(java.lang.reflect.Method)[pri:0, instance:com.webservice.testscripts.LmfTC001@8bd1b6a]" name="afterMethod" is-config="true" duration-ms="0" started-at="2018-11-03T16:12:17Z" finished-at="2018-11-03T16:12:17Z">
          <params>
            <param index="0">
              <value>
                <![CDATA[public void com.webservice.testscripts.LmfTC001.verifyWeatherByCityId()]]>
              </value>
            </param>
          </params>
          <reporter-output>
          </reporter-output>
        </test-method> <!-- afterMethod -->
        <test-method status="PASS" signature="beforeMethod(java.lang.reflect.Method)[pri:0, instance:com.webservice.testscripts.LmfTC001@8bd1b6a]" name="beforeMethod" is-config="true" duration-ms="0" started-at="2018-11-03T16:12:17Z" finished-at="2018-11-03T16:12:17Z">
          <params>
            <param index="0">
              <value>
                <![CDATA[public void com.webservice.testscripts.LmfTC001.verifyWeatherByCityName()]]>
              </value>
            </param>
          </params>
          <reporter-output>
          </reporter-output>
        </test-method> <!-- beforeMethod -->
        <test-method status="PASS" signature="afterMethod(java.lang.reflect.Method)[pri:0, instance:com.webservice.testscripts.LmfTC001@8bd1b6a]" name="afterMethod" is-config="true" duration-ms="0" started-at="2018-11-03T16:12:18Z" finished-at="2018-11-03T16:12:18Z">
          <params>
            <param index="0">
              <value>
                <![CDATA[public void com.webservice.testscripts.LmfTC001.verifyWeatherByCityName()]]>
              </value>
            </param>
          </params>
          <reporter-output>
          </reporter-output>
        </test-method> <!-- afterMethod -->
        <test-method status="PASS" signature="verifyWeatherByCityOther()[pri:0, instance:com.webservice.testscripts.LmfTC001@8bd1b6a]" name="verifyWeatherByCityOther" duration-ms="944" started-at="2018-11-03T16:12:18Z" finished-at="2018-11-03T16:12:18Z">
          <reporter-output>
          </reporter-output>
        </test-method> <!-- verifyWeatherByCityOther -->
        <test-method status="PASS" signature="beforeMethod(java.lang.reflect.Method)[pri:0, instance:com.webservice.testscripts.LmfTC001@8bd1b6a]" name="beforeMethod" is-config="true" duration-ms="0" started-at="2018-11-03T16:12:18Z" finished-at="2018-11-03T16:12:18Z">
          <params>
            <param index="0">
              <value>
                <![CDATA[public void com.webservice.testscripts.LmfTC001.verifyWeatherByCityOther()]]>
              </value>
            </param>
          </params>
          <reporter-output>
          </reporter-output>
        </test-method> <!-- beforeMethod -->
        <test-method status="PASS" signature="afterMethod(java.lang.reflect.Method)[pri:0, instance:com.webservice.testscripts.LmfTC001@8bd1b6a]" name="afterMethod" is-config="true" duration-ms="3" started-at="2018-11-03T16:12:18Z" finished-at="2018-11-03T16:12:18Z">
          <params>
            <param index="0">
              <value>
                <![CDATA[public void com.webservice.testscripts.LmfTC001.verifyWeatherByCityOther()]]>
              </value>
            </param>
          </params>
          <reporter-output>
          </reporter-output>
        </test-method> <!-- afterMethod -->
        <test-method status="PASS" signature="verifyUserById()[pri:1, instance:com.webservice.testscripts.LmfTC001@8bd1b6a]" name="verifyUserById" duration-ms="1210" started-at="2018-11-03T16:12:18Z" finished-at="2018-11-03T16:12:20Z">
          <reporter-output>
          </reporter-output>
        </test-method> <!-- verifyUserById -->
        <test-method status="PASS" signature="beforeMethod(java.lang.reflect.Method)[pri:0, instance:com.webservice.testscripts.LmfTC001@8bd1b6a]" name="beforeMethod" is-config="true" duration-ms="0" started-at="2018-11-03T16:12:18Z" finished-at="2018-11-03T16:12:18Z">
          <params>
            <param index="0">
              <value>
                <![CDATA[public void com.webservice.testscripts.LmfTC001.verifyUserById()]]>
              </value>
            </param>
          </params>
          <reporter-output>
          </reporter-output>
        </test-method> <!-- beforeMethod -->
        <test-method status="PASS" signature="afterMethod(java.lang.reflect.Method)[pri:0, instance:com.webservice.testscripts.LmfTC001@8bd1b6a]" name="afterMethod" is-config="true" duration-ms="6" started-at="2018-11-03T16:12:20Z" finished-at="2018-11-03T16:12:20Z">
          <params>
            <param index="0">
              <value>
                <![CDATA[public void com.webservice.testscripts.LmfTC001.verifyUserById()]]>
              </value>
            </param>
          </params>
          <reporter-output>
          </reporter-output>
        </test-method> <!-- afterMethod -->
      </class> <!-- com.webservice.testscripts.LmfTC001 -->
    </test> <!-- Default test -->
  </suite> <!-- Default suite -->
</testng-results>
