<?xml version="1.0" encoding="UTF-8"?>
<!-- Generated by org.testng.reporters.JUnitXMLReporter -->
<testsuite hostname="PICKU-PC" ignored="0" name="Default test" tests="4" failures="0" timestamp="01 Nov 2018 21:03:28 GMT" time="5.87" errors="0">
  <testcase name="verifyUserById" time="2.255" classname="com.webservice.testscripts.LmfTC001"/>
  <testcase name="verifyWeatherByCityId" time="0.931" classname="com.webservice.testscripts.LmfTC001"/>
  <testcase name="verifyWeatherByCityName" time="1.644" classname="com.webservice.testscripts.LmfTC001"/>
  <testcase name="verifyWeatherByCityOther" time="1.0" classname="com.webservice.testscripts.LmfTC001"/>
</testsuite> <!-- Default test -->
