<?xml version="1.0" encoding="UTF-8"?>
<!-- Generated by org.testng.reporters.JUnitXMLReporter -->
<testsuite hostname="PICKU-PC" ignored="0" name="Default test" tests="4" failures="0" timestamp="03 Nov 2018 16:12:20 GMT" time="5.409" errors="0">
  <testcase name="verifyWeatherByCityId" time="2.303" classname="com.webservice.testscripts.LmfTC001"/>
  <testcase name="verifyWeatherByCityName" time="0.897" classname="com.webservice.testscripts.LmfTC001"/>
  <testcase name="verifyWeatherByCityOther" time="0.944" classname="com.webservice.testscripts.LmfTC001"/>
  <testcase name="verifyUserById" time="1.21" classname="com.webservice.testscripts.LmfTC001"/>
</testsuite> <!-- Default test -->
