<?xml version="1.0" encoding="UTF-8"?>
<!-- Generated by org.testng.reporters.JUnitXMLReporter -->
<testsuite hostname="PICKU-PC" ignored="0" name="myTest001" tests="4" failures="0" timestamp="03 Nov 2018 12:45:09 GMT" time="6.902" errors="0">
  <testcase name="verifyWeatherByCityId" time="2.294" classname="com.webservice.testscripts.LmfTC001"/>
  <testcase name="verifyWeatherByCityName" time="0.895" classname="com.webservice.testscripts.LmfTC001"/>
  <testcase name="verifyWeatherByCityOther" time="0.954" classname="com.webservice.testscripts.LmfTC001"/>
  <testcase name="verifyUserById" time="2.684" classname="com.webservice.testscripts.LmfTC001"/>
</testsuite> <!-- myTest001 -->
